-------------------------------------------------------------------------------
Test set: com.example.demo.OrderManagementApplicationTests
-------------------------------------------------------------------------------
Tests run: 1, Failures: 0, Errors: 1, Skipped: 0, Time elapsed: 0.32 s <<< FAILURE! - in com.example.demo.OrderManagementApplicationTests
com.example.demo.OrderManagementApplicationTests  Time elapsed: 0.319 s  <<< ERROR!
java.lang.IllegalStateException: Unable to find a @SpringBootConfiguration, you need to use @ContextConfiguration or @SpringBootTest(classes=...) with your test

